2019-10-30T23:31:19.915139665Z 2019-10-30 23:31:19:914 - [verbose] - 6489 ex-python  - No schema is loaded
2019-10-30T23:31:19.915149641Z 2019-10-30 23:31:19:914 - [verbose] - 6489 ex-python  - PerfMarker,graph1.ex-python,before_node_send_to_agent,832febc2-310a-414e-84ed-4a153596bb0f,0fc2e950-c4be-4eb3-98b5-9ef115920157,1572478279914832,b826c611-d097-4ce8-bc5f-99fa8f61d0fe
2019-10-30T23:31:19.915159765Z 2019-10-30 23:31:19:914 - [verbose] - 6489 ex-python  - SendMessage(Ring) Microsoft.Archon.Internal.ArchonMessage(3) 656 bytes (totalSize 696)  [internalSendOutput()][/go/src/RaaS.PerceptionEngine.Core/libArchon/Archon/src/api.cpp:219] 
2019-10-30T23:31:19.915169053Z 2019-10-30 23:31:19:914 - [verbose] - 6487 ArchonAG-graph1.ex-python  - PerfMarker,graph1.ex-python,after_agent_recv_from_node,832febc2-310a-414e-84ed-4a153596bb0f,0fc2e950-c4be-4eb3-98b5-9ef115920157,1572478279914924,
2019-10-30T23:31:19.915178216Z 2019-10-30 23:31:19:914 - [verbose] - 6489 ex-python  - Frame:
2019-10-30T23:31:19.915188253Z    *** Generated by EX0, frame 2145
2019-10-30T23:31:19.915196948Z    *** Updated by EX1 graph1.ex1, frame 2145
2019-10-30T23:31:19.915205285Z    *** Updated by EX2 graph1.ex2, frame 2145
2019-10-30T23:31:19.915213355Z    *** Updated by EX3 graph1.ex3_1, frame 2145
2019-10-30T23:31:19.915221694Z    *** Updated by EX3 graph1.ex3_2, frame 2145
2019-10-30T23:31:19.915229497Z    *** Updated by ex-python graph1.ex-python, frame 2145
2019-10-30T23:31:19.915237102Z 
2019-10-30T23:31:19.915242251Z 2019-10-30 23:31:19:914 - [verbose] - 6487 ArchonAG-graph1.ex-python  - archonDispatchMsg schema=Microsoft.Archon.Internal.ArchonMessage, bodySize=656, messageFlags=0x0002  [archonDispatchMsg()][/go/src/RaaS.PerceptionEngine.Core/libArchon/Archon/src/util.cpp:154] 
2019-10-30T23:31:19.915247975Z 2019-10-30 23:31:19:915 - [verbose] - 6487 ArchonAG-graph1.ex-python  - PerfMarker,graph1.ex-python,leave_output_pin,832febc2-310a-414e-84ed-4a153596bb0f,0fc2e950-c4be-4eb3-98b5-9ef115920157,1572478279915022,graph1.ex-python:outputframe
2019-10-30T23:31:19.915253472Z 2019-10-30 23:31:19:915 - [verbose] - 6487 ArchonAG-graph1.ex-python  - Passing output graph1.ex-python:outputframe to next peers
2019-10-30T23:31:19.915258689Z 2019-10-30 23:31:19:915 - [verbose] - 6487 ArchonAG-graph1.ex-python  - Passing to next peer: 127.0.0.1:21251  flags=1  [passToPeers()][/go/src/RaaS.PerceptionEngine.Core/libArchon/archonag/peermgr.h:157] 
2019-10-30T23:31:19.915264077Z 2019-10-30 23:31:19:915 - [verbose] - 6487 ArchonAG-graph1.ex-python  - Sock client send payloadSize: 700  [sendMessage()][/go/src/RaaS.PerceptionEngine.Core/libArchon/Archon/src/sock.cpp:69] 
2019-10-30T23:31:19.915367990Z 2019-10-30 23:31:19:915 - [verbose] - 6484 ArchonAG-graph1.ex1_a  - onSocketMessage called msglen=700  [onSocketMessage()][/go/src/RaaS.PerceptionEngine.Core/libArchon/archonag/app.cpp:72] 
2019-10-30T23:31:19.915376693Z 2019-10-30 23:31:19:915 - [verbose] - 6484 ArchonAG-graph1.ex1_a  - PerfMarker,graph1.ex1_a,arrive_at_input_pin,832febc2-310a-414e-84ed-4a153596bb0f,0fc2e950-c4be-4eb3-98b5-9ef115920157,1572478279915273,graph1.ex-python:outputframe
2019-10-30T23:31:19.915389645Z 2019-10-30 23:31:19:915 - [verbose] - 6484 ArchonAG-graph1.ex1_a  - archonDispatchMsg schema=Microsoft.Archon.Internal.ArchonMessage, bodySize=656, messageFlags=0x0001  [archonDispatchMsg()][/go/src/RaaS.PerceptionEngine.Core/libArchon/Archon/src/util.cpp:154] 
2019-10-30T23:31:19.915398340Z 2019-10-30 23:31:19:915 - [verbose] - 6484 ArchonAG-graph1.ex1_a  - onPassToNode: Passing to NodeMgr flags=0  [onPassToNode()][/go/src/RaaS.PerceptionEngine.Core/libArchon/archonag/msghandler.cpp:147] 
2019-10-30T23:31:19.915406755Z 2019-10-30 23:31:19:915 - [verbose] - 6484 ArchonAG-graph1.ex1_a  - passMessage: Sending message to InputGathererManager flags=0, toAllNodes:0  [passMessage()][/go/src/RaaS.PerceptionEngine.Core/libArchon/archonag/nodemgr.cpp:120] 
2019-10-30T23:31:19.915418338Z 2019-10-30 23:31:19:915 - [verbose] - 6484 ArchonAG-graph1.ex1_a  - Inside handleArchonMessage new wrapper: message.getSchemaName(): Microsoft.Archon.Internal.ArchonMessage  [handleArchonMessage()][/go/src/RaaS.PerceptionEngine.Core/libArchon/archonag/./inputGatherer/inputGathererManager.h:46] 
2019-10-30T23:31:19.915426561Z 2019-10-30 23:31:19:915 - [verbose] - 6484 ArchonAG-graph1.ex1_a  - ArchonMessage outputName=graph1.ex-python:outputframe schemaName=example.TextFrame  [handleArchonMessage()][/go/src/RaaS.PerceptionEngine.Core/libArchon/archonag/./inputGatherer/inputGathererManager.h:55] 
2019-10-30T23:31:19.915433969Z 2019-10-30 23:31:19:915 - [verbose] - 6484 ArchonAG-graph1.ex1_a  - SingleEdgeIoGatherer::handleIncomingMessage  [handleIncomingMessage()][/go/src/RaaS.PerceptionEngine.Core/libArchon/archonag/./inputGatherer/singleEdgeIoGatherer.h:25] 
2019-10-30T23:31:19.915439627Z 2019-10-30 23:31:19:915 - [verbose] - 6484 ArchonAG-graph1.ex1_a  - Passing to node flags=0  [handleIncomingMessage()][/go/src/RaaS.PerceptionEngine.Core/libArchon/archonag/./inputGatherer/singleEdgeIoGatherer.h:27] 
2019-10-30T23:31:19.915464265Z 2019-10-30 23:31:19:915 - [verbose] - 6484 ArchonAG-graph1.ex1_a  - PerfMarker,graph1.ex1_a,before_agent_send_to_node,832febc2-310a-414e-84ed-4a153596bb0f,0fc2e950-c4be-4eb3-98b5-9ef115920157,1572478279915394,
2019-10-30T23:31:19.915537522Z 2019-10-30 23:31:19:915 - [verbose] - 6484 ArchonAG-graph1.ex1_a  - PerfMarker,graph1.ex1_a,before_agent_send_to_node,832febc2-310a-414e-84ed-4a153596bb0f,0fc2e950-c4be-4eb3-98b5-9ef115920157,1572478279915456,
2019-10-30T23:31:19.915547496Z 2019-10-30 23:31:19:915 - [verbose] - 6484 ArchonAG-graph1.ex1_a  - PerfMarker,graph1.ex1_a,before_agent_send_to_node,832febc2-310a-414e-84ed-4a153596bb0f,0fc2e950-c4be-4eb3-98b5-9ef115920157,1572478279915495,
2019-10-30T23:31:19.915691981Z 2019-10-30 23:31:19:915 - [verbose] - 6496 NODE_EX1  - archonDispatchMsg schema=Microsoft.Archon.Internal.ArchonMessage, bodySize=656, messageFlags=0x0000  [archonDispatchMsg()][/go/src/RaaS.PerceptionEngine.Core/libArchon/Archon/src/util.cpp:154] 
2019-10-30T23:31:19.915704237Z 2019-10-30 23:31:19:915 - [verbose] - 6490 NODE_EX1  - archonDispatchMsg schema=Microsoft.Archon.Internal.ArchonMessage, bodySize=656, messageFlags=0x0000  [archonDispatchMsg()][/go/src/RaaS.PerceptionEngine.Core/libArchon/Archon/src/util.cpp:154] 
2019-10-30T23:31:19.915717313Z 2019-10-30 23:31:19:915 - [verbose] - 6491 NODE_EX1  - archonDispatchMsg schema=Microsoft.Archon.Internal.ArchonMessage, bodySize=656, messageFlags=0x0000  [archonDispatchMsg()][/go/src/RaaS.PerceptionEngine.Core/libArchon/Archon/src/util.cpp:154] 
2019-10-30T23:31:19.915723712Z 2019-10-30 23:31:19:915 - [verbose] - 6496 NODE_EX1  - Dispatch message schemaName='Microsoft.Archon.Internal.ArchonMessage'  [dispatchFlatBuffer()][/go/src/RaaS.PerceptionEngine.Core/libArchon/Archon/src/util.cpp:50] 
2019-10-30T23:31:19.915728325Z 2019-10-30 23:31:19:915 - [verbose] - 6490 NODE_EX1  - Dispatch message schemaName='Microsoft.Archon.Internal.ArchonMessage'  [dispatchFlatBuffer()][/go/src/RaaS.PerceptionEngine.Core/libArchon/Archon/src/util.cpp:50] 
2019-10-30T23:31:19.915732821Z 2019-10-30 23:31:19:915 - [verbose] - 6491 NODE_EX1  - Dispatch message schemaName='Microsoft.Archon.Internal.ArchonMessage'  [dispatchFlatBuffer()][/go/src/RaaS.PerceptionEngine.Core/libArchon/Archon/src/util.cpp:50] 
2019-10-30T23:31:19.915866146Z 2019-10-30 23:31:19:915 - [verbose] - 6490 NODE_EX1  - ArchonMessage dispatched msgSynchronizationId=1572478279908158  [handleArchonMessageInternal()][/go/src/RaaS.PerceptionEngine.Core/libArchon/Archon/src/util.cpp:113] 
2019-10-30T23:31:19.915891510Z 2019-10-30 23:31:19:915 - [verbose] - 6491 NODE_EX1  - ArchonMessage dispatched msgSynchronizationId=1572478279908158  [handleArchonMessageInternal()][/go/src/RaaS.PerceptionEngine.Core/libArchon/Archon/src/util.cpp:113] 
2019-10-30T23:31:19.915905445Z 2019-10-30 23:31:19:915 - [verbose] - 6496 NODE_EX1  - ArchonMessage dispatched msgSynchronizationId=1572478279908158  [handleArchonMessageInternal()][/go/src/RaaS.PerceptionEngine.Core/libArchon/Archon/src/util.cpp:113] 
2019-10-30T23:31:19.915919131Z 2019-10-30 23:31:19:915 - [verbose] - 6490 NODE_EX1  - PerfMarker,graph1.ex1_a,after_node_recv_from_agent,832febc2-310a-414e-84ed-4a153596bb0f,0fc2e950-c4be-4eb3-98b5-9ef115920157,1572478279915765,
2019-10-30T23:31:19.915931273Z 2019-10-30 23:31:19:915 - [verbose] - 6491 NODE_EX1  - PerfMarker,graph1.ex1_a,after_node_recv_from_agent,832febc2-310a-414e-84ed-4a153596bb0f,0fc2e950-c4be-4eb3-98b5-9ef115920157,1572478279915776,
2019-10-30T23:31:19.915982085Z 2019-10-30 23:31:19:915 - [verbose] - 6496 NODE_EX1  - PerfMarker,graph1.ex1_a,after_node_recv_from_agent,832febc2-310a-414e-84ed-4a153596bb0f,0fc2e950-c4be-4eb3-98b5-9ef115920157,1572478279915801,
2019-10-30T23:31:19.916001864Z 2019-10-30 23:31:19:915 - [verbose] - 6491 NODE_EX1  - No schema is loaded
2019-10-30T23:31:19.916010430Z 2019-10-30 23:31:19:915 - [verbose] - 6490 NODE_EX1  - No schema is loaded
2019-10-30T23:31:19.916336057Z 2019-10-30 23:31:19:915 - [verbose] - 6496 NODE_EX1  - No schema is loaded
2019-10-30T23:31:19.916354417Z 2019-10-30 23:31:19:915 - [verbose] - 6491 NODE_EX1  - PerfMarker,graph1.ex1_a,before_node_send_to_agent,cf1db273-cb11-40c4-a852-d444d6681cb8,0fc2e950-c4be-4eb3-98b5-9ef115920157,1572478279915932,832febc2-310a-414e-84ed-4a153596bb0f
2019-10-30T23:31:19.916361851Z 2019-10-30 23:31:19:915 - [verbose] - 6491 NODE_EX1  - SendMessage(Ring) Microsoft.Archon.Internal.ArchonMessage(3) 704 bytes (totalSize 744)  [internalSendOutput()][/go/src/RaaS.PerceptionEngine.Core/libArchon/Archon/src/api.cpp:219] 
2019-10-30T23:31:19.916381766Z 2019-10-30 23:31:19:916 - [verbose] - 6490 NODE_EX1  - PerfMarker,graph1.ex1_a,before_node_send_to_agent,ae26b7eb-0f38-4298-be07-332a60d740d0,0fc2e950-c4be-4eb3-98b5-9ef115920157,1572478279916002,832febc2-310a-414e-84ed-4a153596bb0f
2019-10-30T23:31:19.916394919Z 2019-10-30 23:31:19:916 - [verbose] - 6484 ArchonAG-graph1.ex1_a  - PerfMarker,graph1.ex1_a,after_agent_recv_from_node,cf1db273-cb11-40c4-a852-d444d6681cb8,0fc2e950-c4be-4eb3-98b5-9ef115920157,1572478279916029,
2019-10-30T23:31:19.916407820Z 2019-10-30 23:31:19:916 - [verbose] - 6484 ArchonAG-graph1.ex1_a  - archonDispatchMsg schema=Microsoft.Archon.Internal.ArchonMessage, bodySize=704, messageFlags=0x0002  [archonDispatchMsg()][/go/src/RaaS.PerceptionEngine.Core/libArchon/Archon/src/util.cpp:154] 
2019-10-30T23:31:19.916420633Z 2019-10-30 23:31:19:916 - [verbose] - 6490 NODE_EX1  - SendMessage(Ring) Microsoft.Archon.Internal.ArchonMessage(3) 704 bytes (totalSize 744)  [internalSendOutput()][/go/src/RaaS.PerceptionEngine.Core/libArchon/Archon/src/api.cpp:219] 
2019-10-30T23:31:19.916433041Z 2019-10-30 23:31:19:916 - [verbose] - 6484 ArchonAG-graph1.ex1_a  - PerfMarker,graph1.ex1_a,leave_output_pin,cf1db273-cb11-40c4-a852-d444d6681cb8,0fc2e950-c4be-4eb3-98b5-9ef115920157,1572478279916069,graph1.ex1_a:outputframe
2019-10-30T23:31:19.916444408Z 2019-10-30 23:31:19:916 - [verbose] - 6484 ArchonAG-graph1.ex1_a  - Passing output graph1.ex1_a:outputframe to next peers
2019-10-30T23:31:19.916453360Z 2019-10-30 23:31:19:916 - [verbose] - 6496 NODE_EX1  - PerfMarker,graph1.ex1_a,before_node_send_to_agent,37971146-f09a-449f-9dcf-6179628cee18,0fc2e950-c4be-4eb3-98b5-9ef115920157,1572478279916050,832febc2-310a-414e-84ed-4a153596bb0f
2019-10-30T23:31:19.916460688Z 2019-10-30 23:31:19:916 - [verbose] - 6484 ArchonAG-graph1.ex1_a  - Passing to next peer: 127.0.0.1:21241  flags=1  [passToPeers()][/go/src/RaaS.PerceptionEngine.Core/libArchon/archonag/peermgr.h:157] 
2019-10-30T23:31:19.916467825Z 2019-10-30 23:31:19:916 - [verbose] - 6484 ArchonAG-graph1.ex1_a  - Sock client send payloadSize: 748  [sendMessage()][/go/src/RaaS.PerceptionEngine.Core/libArchon/Archon/src/sock.cpp:69] 
2019-10-30T23:31:19.916474755Z 2019-10-30 23:31:19:916 - [verbose] - 6496 NODE_EX1  - SendMessage(Ring) Microsoft.Archon.Internal.ArchonMessage(3) 704 bytes (totalSize 744)  [internalSendOutput()][/go/src/RaaS.PerceptionEngine.Core/libArchon/Archon/src/api.cpp:219] 
2019-10-30T23:31:19.916481946Z 2019-10-30 23:31:19:916 - [verbose] - 6484 ArchonAG-graph1.ex1_a  - PerfMarker,graph1.ex1_a,after_agent_recv_from_node,ae26b7eb-0f38-4298-be07-332a60d740d0,0fc2e950-c4be-4eb3-98b5-9ef115920157,1572478279916143,
2019-10-30T23:31:19.916489091Z 2019-10-30 23:31:19:916 - [verbose] - 6484 ArchonAG-graph1.ex1_a  - archonDispatchMsg schema=Microsoft.Archon.Internal.ArchonMessage, bodySize=704, messageFlags=0x0002  [archonDispatchMsg()][/go/src/RaaS.PerceptionEngine.Core/libArchon/Archon/src/util.cpp:154] 
2019-10-30T23:31:19.916496339Z 2019-10-30 23:31:19:916 - [verbose] - 6484 ArchonAG-graph1.ex1_a  - PerfMarker,graph1.ex1_a,leave_output_pin,ae26b7eb-0f38-4298-be07-332a60d740d0,0fc2e950-c4be-4eb3-98b5-9ef115920157,1572478279916172,graph1.ex1_a:outputframe
2019-10-30T23:31:19.916509985Z 2019-10-30 23:31:19:916 - [verbose] - 6484 ArchonAG-graph1.ex1_a  - Passing output graph1.ex1_a:outputframe to next peers
2019-10-30T23:31:19.916516912Z 2019-10-30 23:31:19:916 - [verbose] - 6484 ArchonAG-graph1.ex1_a  - Passing to next peer: 127.0.0.1:21241  flags=1  [passToPeers()][/go/src/RaaS.PerceptionEngine.Core/libArchon/archonag/peermgr.h:157] 
2019-10-30T23:31:19.916524060Z 2019-10-30 23:31:19:916 - [verbose] - 6484 ArchonAG-graph1.ex1_a  - Sock client send payloadSize: 748  [sendMessage()][/go/src/RaaS.PerceptionEngine.Core/libArchon/Archon/src/sock.cpp:69] 
2019-10-30T23:31:19.917010345Z 2019-10-30 23:31:19:916 - [verbose] - 6484 ArchonAG-graph1.ex1_a  - PerfMarker,graph1.ex1_a,after_agent_recv_from_node,37971146-f09a-449f-9dcf-6179628cee18,0fc2e950-c4be-4eb3-98b5-9ef115920157,1572478279916265,
2019-10-30T23:31:19.917022799Z 2019-10-30 23:31:19:916 - [verbose] - 6484 ArchonAG-graph1.ex1_a  - archonDispatchMsg schema=Microsoft.Archon.Internal.ArchonMessage, bodySize=704, messageFlags=0x0002  [archonDispatchMsg()][/go/src/RaaS.PerceptionEngine.Core/libArchon/Archon/src/util.cpp:154] 
2019-10-30T23:31:19.917028268Z 2019-10-30 23:31:19:916 - [verbose] - 6484 ArchonAG-graph1.ex1_a  - PerfMarker,graph1.ex1_a,leave_output_pin,37971146-f09a-449f-9dcf-6179628cee18,0fc2e950-c4be-4eb3-98b5-9ef115920157,1572478279916301,graph1.ex1_a:outputframe
2019-10-30T23:31:19.917034160Z 2019-10-30 23:31:19:916 - [verbose] - 6479 ArchonAG-graph1.ex1_b  - onSocketMessage called msglen=748  [onSocketMessage()][/go/src/RaaS.PerceptionEngine.Core/libArchon/archonag/app.cpp:72] 
2019-10-30T23:31:19.917038849Z 2019-10-30 23:31:19:916 - [verbose] - 6484 ArchonAG-graph1.ex1_a  - Passing output graph1.ex1_a:outputframe to next peers
2019-10-30T23:31:19.917043228Z 2019-10-30 23:31:19:916 - [verbose] - 6479 ArchonAG-graph1.ex1_b  - PerfMarker,graph1.ex1_b,arrive_at_input_pin,cf1db273-cb11-40c4-a852-d444d6681cb8,0fc2e950-c4be-4eb3-98b5-9ef115920157,1572478279916331,graph1.ex1_a:outputframe
2019-10-30T23:31:19.917048507Z 2019-10-30 23:31:19:916 - [verbose] - 6484 ArchonAG-graph1.ex1_a  - Passing to next peer: 127.0.0.1:21241  flags=1  [passToPeers()][/go/src/RaaS.PerceptionEngine.Core/libArchon/archonag/peermgr.h:157] 
2019-10-30T23:31:19.917053454Z 2019-10-30 23:31:19:916 - [verbose] - 6479 ArchonAG-graph1.ex1_b  - archonDispatchMsg schema=Microsoft.Archon.Internal.ArchonMessage, bodySize=704, messageFlags=0x0001  [archonDispatchMsg()][/go/src/RaaS.PerceptionEngine.Core/libArchon/Archon/src/util.cpp:154] 
2019-10-30T23:31:19.917058145Z 2019-10-30 23:31:19:916 - [verbose] - 6484 ArchonAG-graph1.ex1_a  - Sock client send payloadSize: 748  [sendMessage()][/go/src/RaaS.PerceptionEngine.Core/libArchon/Archon/src/sock.cpp:69] 
2019-10-30T23:31:19.917063947Z 2019-10-30 23:31:19:916 - [verbose] - 6479 ArchonAG-graph1.ex1_b  - onPassToNode: Passing to NodeMgr flags=0  [onPassToNode()][/go/src/RaaS.PerceptionEngine.Core/libArchon/archonag/msghandler.cpp:147] 
2019-10-30T23:31:19.917069158Z 2019-10-30 23:31:19:916 - [verbose] - 6479 ArchonAG-graph1.ex1_b  - passMessage: Sending message to InputGathererManager flags=0, toAllNodes:0  [passMessage()][/go/src/RaaS.PerceptionEngine.Core/libArchon/archonag/nodemgr.cpp:120] 
2019-10-30T23:31:19.917079987Z 2019-10-30 23:31:19:916 - [verbose] - 6479 ArchonAG-graph1.ex1_b  - Inside handleArchonMessage new wrapper: message.getSchemaName(): Microsoft.Archon.Internal.ArchonMessage  [handleArchonMessage()][/go/src/RaaS.PerceptionEngine.Core/libArchon/archonag/./inputGatherer/inputGathererManager.h:46] 
2019-10-30T23:31:19.917086428Z 2019-10-30 23:31:19:916 - [verbose] - 6479 ArchonAG-graph1.ex1_b  - ArchonMessage outputName=graph1.ex1_a:outputframe schemaName=example.TextFrame  [handleArchonMessage()][/go/src/RaaS.PerceptionEngine.Core/libArchon/archonag/./inputGatherer/inputGathererManager.h:55] 
2019-10-30T23:31:19.917091385Z 2019-10-30 23:31:19:916 - [verbose] - 6479 ArchonAG-graph1.ex1_b  - SingleEdgeIoGatherer::handleIncomingMessage  [handleIncomingMessage()][/go/src/RaaS.PerceptionEngine.Core/libArchon/archonag/./inputGatherer/singleEdgeIoGatherer.h:25] 
2019-10-30T23:31:19.917095909Z 2019-10-30 23:31:19:916 - [verbose] - 6479 ArchonAG-graph1.ex1_b  - Passing to node flags=0  [handleIncomingMessage()][/go/src/RaaS.PerceptionEngine.Core/libArchon/archonag/./inputGatherer/singleEdgeIoGatherer.h:27] 
2019-10-30T23:31:19.917101528Z 2019-10-30 23:31:19:916 - [verbose] - 6479 ArchonAG-graph1.ex1_b  - PerfMarker,graph1.ex1_b,before_agent_send_to_node,cf1db273-cb11-40c4-a852-d444d6681cb8,0fc2e950-c4be-4eb3-98b5-9ef115920157,1572478279916479,
2019-10-30T23:31:19.917106238Z 2019-10-30 23:31:19:916 - [verbose] - 6479 ArchonAG-graph1.ex1_b  - onSocketMessage called msglen=748  [onSocketMessage()][/go/src/RaaS.PerceptionEngine.Core/libArchon/archonag/app.cpp:72] 
2019-10-30T23:31:19.917111109Z 2019-10-30 23:31:19:916 - [verbose] - 6479 ArchonAG-graph1.ex1_b  - PerfMarker,graph1.ex1_b,arrive_at_input_pin,ae26b7eb-0f38-4298-be07-332a60d740d0,0fc2e950-c4be-4eb3-98b5-9ef115920157,1572478279916532,graph1.ex1_a:outputframe
2019-10-30T23:31:19.917116507Z 2019-10-30 23:31:19:916 - [verbose] - 6479 ArchonAG-graph1.ex1_b  - archonDispatchMsg schema=Microsoft.Archon.Internal.ArchonMessage, bodySize=704, messageFlags=0x0001  [archonDispatchMsg()][/go/src/RaaS.PerceptionEngine.Core/libArchon/Archon/src/util.cpp:154] 
2019-10-30T23:31:19.917121516Z 2019-10-30 23:31:19:916 - [verbose] - 6479 ArchonAG-graph1.ex1_b  - onPassToNode: Passing to NodeMgr flags=0  [onPassToNode()][/go/src/RaaS.PerceptionEngine.Core/libArchon/archonag/msghandler.cpp:147] 
2019-10-30T23:31:19.917125851Z 2019-10-30 23:31:19:916 - [verbose] - 6479 ArchonAG-graph1.ex1_b  - passMessage: Sending message to InputGathererManager flags=0, toAllNodes:0  [passMessage()][/go/src/RaaS.PerceptionEngine.Core/libArchon/archonag/nodemgr.cpp:120] 
2019-10-30T23:31:19.917130607Z 2019-10-30 23:31:19:916 - [verbose] - 6500 NODE_EX1  - archonDispatchMsg schema=Microsoft.Archon.Internal.ArchonMessage, bodySize=704, messageFlags=0x0000  [archonDispatchMsg()][/go/src/RaaS.PerceptionEngine.Core/libArchon/Archon/src/util.cpp:154] 
2019-10-30T23:31:19.917135910Z 2019-10-30 23:31:19:916 - [verbose] - 6479 ArchonAG-graph1.ex1_b  - Inside handleArchonMessage new wrapper: message.getSchemaName(): Microsoft.Archon.Internal.ArchonMessage  [handleArchonMessage()][/go/src/RaaS.PerceptionEngine.Core/libArchon/archonag/./inputGatherer/inputGathererManager.h:46] 
2019-10-30T23:31:19.917141331Z 2019-10-30 23:31:19:916 - [verbose] - 6479 ArchonAG-graph1.ex1_b  - ArchonMessage outputName=graph1.ex1_a:outputframe schemaName=example.TextFrame  [handleArchonMessage()][/go/src/RaaS.PerceptionEngine.Core/libArchon/archonag/./inputGatherer/inputGathererManager.h:55] 
2019-10-30T23:31:19.917150025Z 2019-10-30 23:31:19:916 - [verbose] - 6479 ArchonAG-graph1.ex1_b  - SingleEdgeIoGatherer::handleIncomingMessage  [handleIncomingMessage()][/go/src/RaaS.PerceptionEngine.Core/libArchon/archonag/./inputGatherer/singleEdgeIoGatherer.h:25] 
2019-10-30T23:31:19.917156465Z 2019-10-30 23:31:19:916 - [verbose] - 6500 NODE_EX1  - Dispatch message schemaName='Microsoft.Archon.Internal.ArchonMessage'  [dispatchFlatBuffer()][/go/src/RaaS.PerceptionEngine.Core/libArchon/Archon/src/util.cpp:50] 
2019-10-30T23:31:19.917161094Z 2019-10-30 23:31:19:916 - [verbose] - 6479 ArchonAG-graph1.ex1_b  - Passing to node flags=0  [handleIncomingMessage()][/go/src/RaaS.PerceptionEngine.Core/libArchon/archonag/./inputGatherer/singleEdgeIoGatherer.h:27] 
2019-10-30T23:31:19.917165638Z 2019-10-30 23:31:19:916 - [verbose] - 6479 ArchonAG-graph1.ex1_b  - PerfMarker,graph1.ex1_b,before_agent_send_to_node,ae26b7eb-0f38-4298-be07-332a60d740d0,0fc2e950-c4be-4eb3-98b5-9ef115920157,1572478279916684,
2019-10-30T23:31:19.917171043Z 2019-10-30 23:31:19:916 - [verbose] - 6479 ArchonAG-graph1.ex1_b  - onSocketMessage called msglen=748  [onSocketMessage()][/go/src/RaaS.PerceptionEngine.Core/libArchon/archonag/app.cpp:72] 
2019-10-30T23:31:19.917175600Z 2019-10-30 23:31:19:916 - [verbose] - 6479 ArchonAG-graph1.ex1_b  - PerfMarker,graph1.ex1_b,arrive_at_input_pin,37971146-f09a-449f-9dcf-6179628cee18,0fc2e950-c4be-4eb3-98b5-9ef115920157,1572478279916743,graph1.ex1_a:outputframe
2019-10-30T23:31:19.917180648Z 2019-10-30 23:31:19:916 - [verbose] - 6479 ArchonAG-graph1.ex1_b  - archonDispatchMsg schema=Microsoft.Archon.Internal.ArchonMessage, bodySize=704, messageFlags=0x0001  [archonDispatchMsg()][/go/src/RaaS.PerceptionEngine.Core/libArchon/Archon/src/util.cpp:154] 
2019-10-30T23:31:19.917185601Z 2019-10-30 23:31:19:916 - [verbose] - 6500 NODE_EX1  - ArchonMessage dispatched msgSynchronizationId=1572478279908158  [handleArchonMessageInternal()][/go/src/RaaS.PerceptionEngine.Core/libArchon/Archon/src/util.cpp:113] 
2019-10-30T23:31:19.917191214Z 2019-10-30 23:31:19:916 - [verbose] - 6479 ArchonAG-graph1.ex1_b  - onPassToNode: Passing to NodeMgr flags=0  [onPassToNode()][/go/src/RaaS.PerceptionEngine.Core/libArchon/archonag/msghandler.cpp:147] 
2019-10-30T23:31:19.917195803Z 2019-10-30 23:31:19:916 - [verbose] - 6479 ArchonAG-graph1.ex1_b  - passMessage: Sending message to InputGathererManager flags=0, toAllNodes:0  [passMessage()][/go/src/RaaS.PerceptionEngine.Core/libArchon/archonag/nodemgr.cpp:120] 
2019-10-30T23:31:19.917200952Z 2019-10-30 23:31:19:916 - [verbose] - 6479 ArchonAG-graph1.ex1_b  - Inside handleArchonMessage new wrapper: message.getSchemaName(): Microsoft.Archon.Internal.ArchonMessage  [handleArchonMessage()][/go/src/RaaS.PerceptionEngine.Core/libArchon/archonag/./inputGatherer/inputGathererManager.h:46] 
2019-10-30T23:31:19.917207079Z 2019-10-30 23:31:19:916 - [verbose] - 6479 ArchonAG-graph1.ex1_b  - ArchonMessage outputName=graph1.ex1_a:outputframe schemaName=example.TextFrame  [handleArchonMessage()][/go/src/RaaS.PerceptionEngine.Core/libArchon/archonag/./inputGatherer/inputGathererManager.h:55] 
2019-10-30T23:31:19.917215050Z 2019-10-30 23:31:19:916 - [verbose] - 6479 ArchonAG-graph1.ex1_b  - SingleEdgeIoGatherer::handleIncomingMessage  [handleIncomingMessage()][/go/src/RaaS.PerceptionEngine.Core/libArchon/archonag/./inputGatherer/singleEdgeIoGatherer.h:25] 
2019-10-30T23:31:19.917220461Z 2019-10-30 23:31:19:916 - [verbose] - 6500 NODE_EX1  - PerfMarker,graph1.ex1_b,after_node_recv_from_agent,cf1db273-cb11-40c4-a852-d444d6681cb8,0fc2e950-c4be-4eb3-98b5-9ef115920157,1572478279916842,
2019-10-30T23:31:19.917225641Z 2019-10-30 23:31:19:916 - [verbose] - 6479 ArchonAG-graph1.ex1_b  - Passing to node flags=0  [handleIncomingMessage()][/go/src/RaaS.PerceptionEngine.Core/libArchon/archonag/./inputGatherer/singleEdgeIoGatherer.h:27] 
2019-10-30T23:31:19.917230066Z 2019-10-30 23:31:19:916 - [verbose] - 6479 ArchonAG-graph1.ex1_b  - PerfMarker,graph1.ex1_b,before_agent_send_to_node,37971146-f09a-449f-9dcf-6179628cee18,0fc2e950-c4be-4eb3-98b5-9ef115920157,1572478279916900,
2019-10-30T23:31:19.917234962Z 2019-10-30 23:31:19:916 - [verbose] - 6500 NODE_EX1  - No schema is loaded
2019-10-30T23:31:19.917241622Z 2019-10-30 23:31:19:917 - [verbose] - 6500 NODE_EX1  - PerfMarker,graph1.ex1_b,before_node_send_to_agent,b6e6216e-7664-47f6-ae8b-9beb81e8ff99,0fc2e950-c4be-4eb3-98b5-9ef115920157,1572478279917095,cf1db273-cb11-40c4-a852-d444d6681cb8
2019-10-30T23:31:19.917246729Z 2019-10-30 23:31:19:917 - [verbose] - 6500 NODE_EX1  - SendMessage(Ring) Microsoft.Archon.Internal.ArchonMessage(3) 744 bytes (totalSize 784)  [internalSendOutput()][/go/src/RaaS.PerceptionEngine.Core/libArchon/Archon/src/api.cpp:219] 
2019-10-30T23:31:19.917346077Z 2019-10-30 23:31:19:917 - [verbose] - 6479 ArchonAG-graph1.ex1_b  - PerfMarker,graph1.ex1_b,after_agent_recv_from_node,b6e6216e-7664-47f6-ae8b-9beb81e8ff99,0fc2e950-c4be-4eb3-98b5-9ef115920157,1572478279917265,
2019-10-30T23:31:19.917355252Z 2019-10-30 23:31:19:917 - [verbose] - 6500 NODE_EX1  - archonDispatchMsg schema=Microsoft.Archon.Internal.ArchonMessage, bodySize=704, messageFlags=0x0000  [archonDispatchMsg()][/go/src/RaaS.PerceptionEngine.Core/libArchon/Archon/src/util.cpp:154] 
2019-10-30T23:31:19.917360186Z 2019-10-30 23:31:19:917 - [verbose] - 6479 ArchonAG-graph1.ex1_b  - archonDispatchMsg schema=Microsoft.Archon.Internal.ArchonMessage, bodySize=744, messageFlags=0x0002  [archonDispatchMsg()][/go/src/RaaS.PerceptionEngine.Core/libArchon/Archon/src/util.cpp:154] 
2019-10-30T23:31:19.917389184Z 2019-10-30 23:31:19:917 - [verbose] - 6479 ArchonAG-graph1.ex1_b  - PerfMarker,graph1.ex1_b,leave_output_pin,b6e6216e-7664-47f6-ae8b-9beb81e8ff99,0fc2e950-c4be-4eb3-98b5-9ef115920157,1572478279917322,graph1.ex1_b:outputframe
2019-10-30T23:31:19.917397452Z 2019-10-30 23:31:19:917 - [verbose] - 6500 NODE_EX1  - Dispatch message schemaName='Microsoft.Archon.Internal.ArchonMessage'  [dispatchFlatBuffer()][/go/src/RaaS.PerceptionEngine.Core/libArchon/Archon/src/util.cpp:50] 
2019-10-30T23:31:19.917403017Z 2019-10-30 23:31:19:917 - [verbose] - 6479 ArchonAG-graph1.ex1_b  - Passing output graph1.ex1_b:outputframe to next peers
2019-10-30T23:31:19.917465587Z 2019-10-30 23:31:19:917 - [verbose] - 6479 ArchonAG-graph1.ex1_b  - Passing to next peer: 127.0.0.1:21253  flags=1  [passToPeers()][/go/src/RaaS.PerceptionEngine.Core/libArchon/archonag/peermgr.h:157] 
2019-10-30T23:31:19.917496681Z 2019-10-30 23:31:19:917 - [verbose] - 6479 ArchonAG-graph1.ex1_b  - Sock client send payloadSize: 788  [sendMessage()][/go/src/RaaS.PerceptionEngine.Core/libArchon/Archon/src/sock.cpp:69] 
2019-10-30T23:31:19.917510028Z 2019-10-30 23:31:19:917 - [verbose] - 6500 NODE_EX1  - ArchonMessage dispatched msgSynchronizationId=1572478279908158  [handleArchonMessageInternal()][/go/src/RaaS.PerceptionEngine.Core/libArchon/Archon/src/util.cpp:113] 
2019-10-30T23:31:19.917603730Z 2019-10-30 23:31:19:917 - [verbose] - 6500 NODE_EX1  - PerfMarker,graph1.ex1_b,after_node_recv_from_agent,ae26b7eb-0f38-4298-be07-332a60d740d0,0fc2e950-c4be-4eb3-98b5-9ef115920157,1572478279917495,
2019-10-30T23:31:19.917628161Z 2019-10-30 23:31:19:917 - [verbose] - 6485 ArchonAG-extgraph.graph1.node1  - onSocketMessage called msglen=788  [onSocketMessage()][/go/src/RaaS.PerceptionEngine.Core/libArchon/archonag/app.cpp:72] 
2019-10-30T23:31:19.917660519Z 2019-10-30 23:31:19:917 - [verbose] - 6485 ArchonAG-extgraph.graph1.node1  - PerfMarker,extgraph.graph1.node1,arrive_at_input_pin,b6e6216e-7664-47f6-ae8b-9beb81e8ff99,0fc2e950-c4be-4eb3-98b5-9ef115920157,1572478279917574,graph1.ex1_b:outputframe
2019-10-30T23:31:19.917669348Z 2019-10-30 23:31:19:917 - [verbose] - 6500 NODE_EX1  - No schema is loaded
2019-10-30T23:31:19.917674472Z 2019-10-30 23:31:19:917 - [verbose] - 6485 ArchonAG-extgraph.graph1.node1  - archonDispatchMsg schema=Microsoft.Archon.Internal.ArchonMessage, bodySize=744, messageFlags=0x0001  [archonDispatchMsg()][/go/src/RaaS.PerceptionEngine.Core/libArchon/Archon/src/util.cpp:154] 
2019-10-30T23:31:19.917715769Z 2019-10-30 23:31:19:917 - [verbose] - 6485 ArchonAG-extgraph.graph1.node1  - onPassToNode: Passing to NodeMgr flags=0  [onPassToNode()][/go/src/RaaS.PerceptionEngine.Core/libArchon/archonag/msghandler.cpp:147] 
2019-10-30T23:31:19.917746306Z 2019-10-30 23:31:19:917 - [verbose] - 6485 ArchonAG-extgraph.graph1.node1  - passMessage: Sending message to InputGathererManager flags=0, toAllNodes:0  [passMessage()][/go/src/RaaS.PerceptionEngine.Core/libArchon/archonag/nodemgr.cpp:120] 
2019-10-30T23:31:19.917765418Z 2019-10-30 23:31:19:917 - [verbose] - 6485 ArchonAG-extgraph.graph1.node1  - Inside handleArchonMessage new wrapper: message.getSchemaName(): Microsoft.Archon.Internal.ArchonMessage  [handleArchonMessage()][/go/src/RaaS.PerceptionEngine.Core/libArchon/archonag/./inputGatherer/inputGathererManager.h:46] 
2019-10-30T23:31:19.917792436Z 2019-10-30 23:31:19:917 - [verbose] - 6485 ArchonAG-extgraph.graph1.node1  - ArchonMessage outputName=graph1.ex1_b:outputframe schemaName=example.TextFrame  [handleArchonMessage()][/go/src/RaaS.PerceptionEngine.Core/libArchon/archonag/./inputGatherer/inputGathererManager.h:55] 
2019-10-30T23:31:19.917798011Z 2019-10-30 23:31:19:917 - [verbose] - 6500 NODE_EX1  - PerfMarker,graph1.ex1_b,before_node_send_to_agent,4246710d-00b9-4bfd-9eee-c2f7fa9da854,0fc2e950-c4be-4eb3-98b5-9ef115920157,1572478279917725,ae26b7eb-0f38-4298-be07-332a60d740d0
2019-10-30T23:31:19.917832829Z 2019-10-30 23:31:19:917 - [verbose] - 6485 ArchonAG-extgraph.graph1.node1  - SingleEdgeIoGatherer::handleIncomingMessage  [handleIncomingMessage()][/go/src/RaaS.PerceptionEngine.Core/libArchon/archonag/./inputGatherer/singleEdgeIoGatherer.h:25] 
2019-10-30T23:31:19.917888722Z 2019-10-30 23:31:19:917 - [verbose] - 6485 ArchonAG-extgraph.graph1.node1  - Passing to node flags=0  [handleIncomingMessage()][/go/src/RaaS.PerceptionEngine.Core/libArchon/archonag/./inputGatherer/singleEdgeIoGatherer.h:27] 
2019-10-30T23:31:19.917897949Z 2019-10-30 23:31:19:917 - [verbose] - 6500 NODE_EX1  - SendMessage(Ring) Microsoft.Archon.Internal.ArchonMessage(3) 744 bytes (totalSize 784)  [internalSendOutput()][/go/src/RaaS.PerceptionEngine.Core/libArchon/Archon/src/api.cpp:219] 
2019-10-30T23:31:19.917947129Z 2019-10-30 23:31:19:917 - [verbose] - 6485 ArchonAG-extgraph.graph1.node1  - PerfMarker,extgraph.graph1.node1,before_agent_send_to_node,b6e6216e-7664-47f6-ae8b-9beb81e8ff99,0fc2e950-c4be-4eb3-98b5-9ef115920157,1572478279917839,
2019-10-30T23:31:19.918007592Z 2019-10-30 23:31:19:917 - [verbose] - 6479 ArchonAG-graph1.ex1_b  - PerfMarker,graph1.ex1_b,after_agent_recv_from_node,4246710d-00b9-4bfd-9eee-c2f7fa9da854,0fc2e950-c4be-4eb3-98b5-9ef115920157,1572478279917875,
2019-10-30T23:31:19.918021218Z 2019-10-30 23:31:19:917 - [verbose] - 6500 NODE_EX1  - archonDispatchMsg schema=Microsoft.Archon.Internal.ArchonMessage, bodySize=704, messageFlags=0x0000  [archonDispatchMsg()][/go/src/RaaS.PerceptionEngine.Core/libArchon/Archon/src/util.cpp:154] 
2019-10-30T23:31:19.918093331Z 2019-10-30 23:31:19:917 - [verbose] - 6479 ArchonAG-graph1.ex1_b  - archonDispatchMsg schema=Microsoft.Archon.Internal.ArchonMessage, bodySize=744, messageFlags=0x0002  [archonDispatchMsg()][/go/src/RaaS.PerceptionEngine.Core/libArchon/Archon/src/util.cpp:154] 
2019-10-30T23:31:19.918106873Z 2019-10-30 23:31:19:917 - [verbose] - 6498 NODE_EX1  - archonDispatchMsg schema=Microsoft.Archon.Internal.ArchonMessage, bodySize=744, messageFlags=0x0000  [archonDispatchMsg()][/go/src/RaaS.PerceptionEngine.Core/libArchon/Archon/src/util.cpp:154] 
2019-10-30T23:31:19.918113215Z 2019-10-30 23:31:19:918 - [verbose] - 6498 NODE_EX1  - Dispatch message schemaName='Microsoft.Archon.Internal.ArchonMessage'  [dispatchFlatBuffer()][/go/src/RaaS.PerceptionEngine.Core/libArchon/Archon/src/util.cpp:50] 
2019-10-30T23:31:19.918696291Z 2019-10-30 23:31:19:918 - [verbose] - 6479 ArchonAG-graph1.ex1_b  - PerfMarker,graph1.ex1_b,leave_output_pin,4246710d-00b9-4bfd-9eee-c2f7fa9da854,0fc2e950-c4be-4eb3-98b5-9ef115920157,1572478279918036,graph1.ex1_b:outputframe
2019-10-30T23:31:19.918721224Z 2019-10-30 23:31:19:918 - [verbose] - 6498 NODE_EX1  - ArchonMessage dispatched msgSynchronizationId=1572478279908158  [handleArchonMessageInternal()][/go/src/RaaS.PerceptionEngine.Core/libArchon/Archon/src/util.cpp:113] 
2019-10-30T23:31:19.918734717Z 2019-10-30 23:31:19:918 - [verbose] - 6500 NODE_EX1  - Dispatch message schemaName='Microsoft.Archon.Internal.ArchonMessage'  [dispatchFlatBuffer()][/go/src/RaaS.PerceptionEngine.Core/libArchon/Archon/src/util.cpp:50] 
2019-10-30T23:31:19.918744367Z 2019-10-30 23:31:19:918 - [verbose] - 6479 ArchonAG-graph1.ex1_b  - Passing output graph1.ex1_b:outputframe to next peers
2019-10-30T23:31:19.918753518Z 2019-10-30 23:31:19:918 - [verbose] - 6498 NODE_EX1  - PerfMarker,extgraph.graph1.node1,after_node_recv_from_agent,b6e6216e-7664-47f6-ae8b-9beb81e8ff99,0fc2e950-c4be-4eb3-98b5-9ef115920157,1572478279918269,
2019-10-30T23:31:19.918773107Z 2019-10-30 23:31:19:918 - [verbose] - 6479 ArchonAG-graph1.ex1_b  - Passing to next peer: 127.0.0.1:21253  flags=1  [passToPeers()][/go/src/RaaS.PerceptionEngine.Core/libArchon/archonag/peermgr.h:157] 
2019-10-30T23:31:19.918783024Z 2019-10-30 23:31:19:918 - [verbose] - 6500 NODE_EX1  - ArchonMessage dispatched msgSynchronizationId=1572478279908158  [handleArchonMessageInternal()][/go/src/RaaS.PerceptionEngine.Core/libArchon/Archon/src/util.cpp:113] 
2019-10-30T23:31:19.918792406Z 2019-10-30 23:31:19:918 - [verbose] - 6479 ArchonAG-graph1.ex1_b  - Sock client send payloadSize: 788  [sendMessage()][/go/src/RaaS.PerceptionEngine.Core/libArchon/Archon/src/sock.cpp:69] 
2019-10-30T23:31:19.918798596Z 2019-10-30 23:31:19:918 - [verbose] - 6498 NODE_EX1  - No schema is loaded
2019-10-30T23:31:19.918803755Z 2019-10-30 23:31:19:918 - [verbose] - 6500 NODE_EX1  - PerfMarker,graph1.ex1_b,after_node_recv_from_agent,37971146-f09a-449f-9dcf-6179628cee18,0fc2e950-c4be-4eb3-98b5-9ef115920157,1572478279918356,
2019-10-30T23:31:19.918809081Z 2019-10-30 23:31:19:918 - [verbose] - 6500 NODE_EX1  - No schema is loaded
2019-10-30T23:31:19.918814202Z 2019-10-30 23:31:19:918 - [verbose] - 6485 ArchonAG-extgraph.graph1.node1  - onSocketMessage called msglen=788  [onSocketMessage()][/go/src/RaaS.PerceptionEngine.Core/libArchon/archonag/app.cpp:72] 
2019-10-30T23:31:19.918821053Z 2019-10-30 23:31:19:918 - [verbose] - 6485 ArchonAG-extgraph.graph1.node1  - PerfMarker,extgraph.graph1.node1,arrive_at_input_pin,4246710d-00b9-4bfd-9eee-c2f7fa9da854,0fc2e950-c4be-4eb3-98b5-9ef115920157,1572478279918491,graph1.ex1_b:outputframe
2019-10-30T23:31:19.918827189Z 2019-10-30 23:31:19:918 - [verbose] - 6498 NODE_EX1  - PerfMarker,extgraph.graph1.node1,before_node_send_to_agent,86ca5a69-6f55-46fe-b614-986bfc0ad7f7,0fc2e950-c4be-4eb3-98b5-9ef115920157,1572478279918482,b6e6216e-7664-47f6-ae8b-9beb81e8ff99
2019-10-30T23:31:19.918832736Z 2019-10-30 23:31:19:918 - [verbose] - 6485 ArchonAG-extgraph.graph1.node1  - archonDispatchMsg schema=Microsoft.Archon.Internal.ArchonMessage, bodySize=744, messageFlags=0x0001  [archonDispatchMsg()][/go/src/RaaS.PerceptionEngine.Core/libArchon/Archon/src/util.cpp:154] 
2019-10-30T23:31:19.918839878Z 2019-10-30 23:31:19:918 - [verbose] - 6498 NODE_EX1  - SendMessage(Ring) Microsoft.Archon.Internal.ArchonMessage(3) 808 bytes (totalSize 848)  [internalSendOutput()][/go/src/RaaS.PerceptionEngine.Core/libArchon/Archon/src/api.cpp:219] 
2019-10-30T23:31:19.918849625Z 2019-10-30 23:31:19:918 - [verbose] - 6500 NODE_EX1  - PerfMarker,graph1.ex1_b,before_node_send_to_agent,29e588c3-6d50-4cc7-89f0-8c2a948aeb90,0fc2e950-c4be-4eb3-98b5-9ef115920157,1572478279918532,37971146-f09a-449f-9dcf-6179628cee18
2019-10-30T23:31:19.918858399Z 2019-10-30 23:31:19:918 - [verbose] - 6485 ArchonAG-extgraph.graph1.node1  - onPassToNode: Passing to NodeMgr flags=0  [onPassToNode()][/go/src/RaaS.PerceptionEngine.Core/libArchon/archonag/msghandler.cpp:147] 
2019-10-30T23:31:19.918867556Z 2019-10-30 23:31:19:918 - [verbose] - 6485 ArchonAG-extgraph.graph1.node1  - passMessage: Sending message to InputGathererManager flags=0, toAllNodes:0  [passMessage()][/go/src/RaaS.PerceptionEngine.Core/libArchon/archonag/nodemgr.cpp:120] 
2019-10-30T23:31:19.918882987Z 2019-10-30 23:31:19:918 - [verbose] - 6500 NODE_EX1  - SendMessage(Ring) Microsoft.Archon.Internal.ArchonMessage(3) 744 bytes (totalSize 784)  [internalSendOutput()][/go/src/RaaS.PerceptionEngine.Core/libArchon/Archon/src/api.cpp:219] 
2019-10-30T23:31:19.918889906Z 2019-10-30 23:31:19:918 - [verbose] - 6485 ArchonAG-extgraph.graph1.node1  - Inside handleArchonMessage new wrapper: message.getSchemaName(): Microsoft.Archon.Internal.ArchonMessage  [handleArchonMessage()][/go/src/RaaS.PerceptionEngine.Core/libArchon/archonag/./inputGatherer/inputGathererManager.h:46] 
2019-10-30T23:31:19.918895799Z 2019-10-30 23:31:19:918 - [verbose] - 6485 ArchonAG-extgraph.graph1.node1  - ArchonMessage outputName=graph1.ex1_b:outputframe schemaName=example.TextFrame  [handleArchonMessage()][/go/src/RaaS.PerceptionEngine.Core/libArchon/archonag/./inputGatherer/inputGathererManager.h:55] 
2019-10-30T23:31:19.918901514Z 2019-10-30 23:31:19:918 - [verbose] - 6485 ArchonAG-extgraph.graph1.node1  - SingleEdgeIoGatherer::handleIncomingMessage  [handleIncomingMessage()][/go/src/RaaS.PerceptionEngine.Core/libArchon/archonag/./inputGatherer/singleEdgeIoGatherer.h:25] 
2019-10-30T23:31:19.918913799Z 2019-10-30 23:31:19:918 - [verbose] - 6485 ArchonAG-extgraph.graph1.node1  - Passing to node flags=0  [handleIncomingMessage()][/go/src/RaaS.PerceptionEngine.Core/libArchon/archonag/./inputGatherer/singleEdgeIoGatherer.h:27] 
2019-10-30T23:31:19.918919197Z 2019-10-30 23:31:19:918 - [verbose] - 6485 ArchonAG-extgraph.graph1.node1  - PerfMarker,extgraph.graph1.node1,before_agent_send_to_node,4246710d-00b9-4bfd-9eee-c2f7fa9da854,0fc2e950-c4be-4eb3-98b5-9ef115920157,1572478279918709,
2019-10-30T23:31:19.918924754Z 2019-10-30 23:31:19:918 - [verbose] - 6479 ArchonAG-graph1.ex1_b  - PerfMarker,graph1.ex1_b,after_agent_recv_from_node,29e588c3-6d50-4cc7-89f0-8c2a948aeb90,0fc2e950-c4be-4eb3-98b5-9ef115920157,1572478279918712,
2019-10-30T23:31:19.918930199Z 2019-10-30 23:31:19:918 - [verbose] - 6479 ArchonAG-graph1.ex1_b  - archonDispatchMsg schema=Microsoft.Archon.Internal.ArchonMessage, bodySize=744, messageFlags=0x0002  [archonDispatchMsg()][/go/src/RaaS.PerceptionEngine.Core/libArchon/Archon/src/util.cpp:154] 
2019-10-30T23:31:19.918935740Z 2019-10-30 23:31:19:918 - [verbose] - 6485 ArchonAG-extgraph.graph1.node1  - PerfMarker,extgraph.graph1.node1,after_agent_recv_from_node,86ca5a69-6f55-46fe-b614-986bfc0ad7f7,0fc2e950-c4be-4eb3-98b5-9ef115920157,1572478279918787,

~> sudo docker logs pebuild -t --until 2019-10-30T23:31:19.918960009Z --tail 10

~> sudo docker logs pebuild -t --tail 10 --until 2019-10-30T23:31:19.918960009Z

~> sudo docker logs perceptionengine --tail 1000
2019-10-29T21:43:41.0688622+00:00 [info][launcher]: User profile is available. Using '/root/.aspnet/DataProtection-Keys' as key repository; keys will not be encrypted at rest.
2019-10-29T21:43:41.0783281+00:00 [info][launcher]: Creating key {d8271e84-95f3-45cf-a4b2-f78c45df14b4} with creation date 2019-10-29 21:43:41Z, activation date 2019-10-29 21:43:41Z, and expiration date 2020-01-27 21:43:41Z.
2019-10-29T21:43:41.0856351+00:00 [warn][launcher]: No XML encryptor configured. Key {d8271e84-95f3-45cf-a4b2-f78c45df14b4} may be persisted to storage in unencrypted form.
2019-10-29T21:43:41.0881045+00:00 [info][launcher]: Writing data to file '/root/.aspnet/DataProtection-Keys/key-d8271e84-95f3-45cf-a4b2-f78c45df14b4.xml'.
2019-10-29T21:43:41.2943311+00:00 [info][launcher]: Starting the engine
2019/10/29 21:43:41 2019-10-29 21:43:41:311 - [info] -  - Archon - version : 1.0.01011.206
2019-10-29T21:43:41.3877698+00:00 [info][launcher]: Request starting HTTP/1.1 GET http://127.0.0.1:5000/globalsettings  
2019-10-29T21:43:41.5196081+00:00 [info][launcher]: Route matched with {action = "GetGlobalSettingsAsync", controller = "Config"}. Executing controller action with signature System.Threading.Tasks.Task`1[Microsoft.AspNetCore.Mvc.ActionResult`1[PEngineModule.ConfigServer.ArchonGlobalSettings]] GetGlobalSettingsAsync() on controller PEngineModule.ConfigServer.Controllers.ConfigController (PEngineModule).
2019-10-29T21:43:41.5292527+00:00 [info][launcher]: Executing action method PEngineModule.ConfigServer.Controllers.ConfigController.GetGlobalSettingsAsync (PEngineModule) - Validation state: Valid
2019-10-29T22:12:13.2404855+00:00 [info][launcher]: User profile is available. Using '/root/.aspnet/DataProtection-Keys' as key repository; keys will not be encrypted at rest.
2019-10-29T22:12:13.4676952+00:00 [info][launcher]: Starting the engine
2019/10/29 22:12:13 2019-10-29 22:12:13:484 - [info] -  - Archon - version : 1.0.01011.206
2019-10-29T22:12:13.5606013+00:00 [info][launcher]: Request starting HTTP/1.1 GET http://127.0.0.1:5000/globalsettings  
2019-10-29T22:12:13.6772893+00:00 [info][launcher]: Route matched with {action = "GetGlobalSettingsAsync", controller = "Config"}. Executing controller action with signature System.Threading.Tasks.Task`1[Microsoft.AspNetCore.Mvc.ActionResult`1[PEngineModule.ConfigServer.ArchonGlobalSettings]] GetGlobalSettingsAsync() on controller PEngineModule.ConfigServer.Controllers.ConfigController (PEngineModule).
2019-10-29T22:12:13.6864122+00:00 [info][launcher]: Executing action method PEngineModule.ConfigServer.Controllers.ConfigController.GetGlobalSettingsAsync (PEngineModule) - Validation state: Valid
2019-10-29T22:14:23.8365905+00:00 [error][launcher]: Failed to retrieve module twin. Exception 'Microsoft.Azure.Devices.Client.Exceptions.IotHubCommunicationException: Transient network error occurred, please retry. ---> System.OperationCanceledException: The operation was canceled.
   at System.Threading.CancellationToken.ThrowOperationCanceledException()
   at Microsoft.Azure.Devices.Client.Transport.AmqpTransportHandler.EnableTwinPatchAsync(CancellationToken cancellationToken)
   at Microsoft.Azure.Devices.Client.Transport.AmqpTransportHandler.SendTwinGetAsync(CancellationToken cancellationToken)
   at Microsoft.Azure.Devices.Client.Transport.ErrorDelegatingHandler.ExecuteWithErrorHandlingAsync[T](Func`1 asyncOperation)
   --- End of inner exception stack trace ---
   at Microsoft.Azure.Devices.Client.Transport.ErrorDelegatingHandler.ExecuteWithErrorHandlingAsync[T](Func`1 asyncOperation)
   at Microsoft.Azure.Devices.Client.Transport.RetryDelegatingHandler.<>c__DisplayClass27_0.<<SendTwinGetAsync>b__0>d.MoveNext()
--- End of stack trace from previous location where exception was thrown ---
   at Microsoft.Azure.Devices.Client.Transport.RetryDelegatingHandler.SendTwinGetAsync(CancellationToken cancellationToken)
   at Microsoft.Azure.Devices.Client.InternalClient.GetTwinAsync()
   at PEngineModule.ConfigServer.Services.IotHubConfigurationService.GetConfigAsync() in /source/src/EdgeSolution/modules/PEngineModule/ConfigServer/Services/IotHubConfigurationService.cs:line 47'
2019-10-29T22:14:23.8366399+00:00 [info][launcher]: Trying to get config failed, retrying. Attempts left :'4'
2019-10-29T22:14:24.9082914+00:00 [info][launcher]: Get config from twin succeeded
2019-10-29T22:14:24.9126938+00:00 [info][launcher]: Executed action method PEngineModule.ConfigServer.Controllers.ConfigController.GetGlobalSettingsAsync (PEngineModule), returned result Microsoft.AspNetCore.Mvc.ObjectResult in 131224.7668ms.
2019-10-29T22:14:24.9214374+00:00 [info][launcher]: Executing ObjectResult, writing value of type 'PEngineModule.ConfigServer.ArchonGlobalSettings'.
2019-10-29T22:14:24.9312350+00:00 [info][launcher]: Executed action PEngineModule.ConfigServer.Controllers.ConfigController.GetGlobalSettingsAsync (PEngineModule) in 131252.4184ms
2019-10-29 22:14:24:935 - [info] - 26 - Archon - System log level set to info
2019-10-29 22:14:24:935 - [info] - 26 - Archon - GraphMapRuntime running in PROC mode
2019-10-29 22:14:24:935 - [info] - 26 - Archon - GraphMapRuntime NextAvailPort is 21240
2019-10-29 22:14:24:935 - [info] - 26 - Archon - GraphMapRuntime BinDir is /app/engine
2019-10-29 22:14:24:935 - [info] - 26 - Archon - GraphMapRuntime ConfigServerUrl is http://127.0.0.1:5000
2019-10-29 22:14:24:935 - [info] - 26 - Archon - GraphMapRuntime PerfMarkerEnabled is false
2019-10-29 22:14:24:935 - [info] - 26 - Archon - Initializing Prometheus Telemetry Provider with service ServerURL: http://localhost/:2222/archonTelemetry
2019-10-29 22:14:24:935 - [info] - 26 - Archon - Starting socket server: 127.0.0.1:21232
2019-10-29 22:14:24:935 - [info] - 26 - Archon - Server listening on 127.0.0.1:21232
2019-10-29 22:14:24:935 - [info] - 26 - Archon - Archon server ready on 127.0.0.1:21232
2019-10-29 22:14:24:936 - [info] - 26 - Archon - archon process started
2019-10-29T22:14:24.9372841+00:00 [info][launcher]: Request finished in 131377.0692ms 200 application/json; charset=utf-8
2019-10-29T22:14:24.9376616+00:00 [info][launcher]: Request starting HTTP/1.1 POST http://127.0.0.1:5000/subscribe application/json; charset=utf-8 41
2019-10-29T22:14:24.9484069+00:00 [info][launcher]: Route matched with {action = "Subscribe", controller = "Config"}. Executing controller action with signature Microsoft.AspNetCore.Mvc.IActionResult Subscribe(PEngineModule.ConfigServer.RequestBody) on controller PEngineModule.ConfigServer.Controllers.ConfigController (PEngineModule).
2019-10-29T22:14:24.9768280+00:00 [info][launcher]: Executing action method PEngineModule.ConfigServer.Controllers.ConfigController.Subscribe (PEngineModule) - Validation state: Valid
2019-10-29T22:14:24.9772430+00:00 [info][launcher]: Executed action method PEngineModule.ConfigServer.Controllers.ConfigController.Subscribe (PEngineModule), returned result Microsoft.AspNetCore.Mvc.StatusCodeResult in 0.3784ms.
2019-10-29T22:14:24.9784913+00:00 [info][launcher]: Executing HttpStatusCodeResult, setting HTTP status code 200
2019-10-29T22:14:24.9786204+00:00 [info][launcher]: Executed action PEngineModule.ConfigServer.Controllers.ConfigController.Subscribe (PEngineModule) in 30.1797ms
2019-10-29T22:14:24.9795229+00:00 [info][launcher]: Request finished in 41.9056ms 200 
2019-10-29T22:14:24.9801626+00:00 [info][launcher]: Request starting HTTP/1.1 GET http://127.0.0.1:5000/graphs  
2019-10-29T22:14:24.9830568+00:00 [info][launcher]: Route matched with {action = "GetGraphsAsync", controller = "Config"}. Executing controller action with signature System.Threading.Tasks.Task`1[Microsoft.AspNetCore.Mvc.ActionResult`1[System.Collections.Generic.Dictionary`2[System.String,PEngineModule.ConfigServer.GraphConfig]]] GetGraphsAsync() on controller PEngineModule.ConfigServer.Controllers.ConfigController (PEngineModule).
2019-10-29T22:14:24.9831015+00:00 [info][launcher]: Executing action method PEngineModule.ConfigServer.Controllers.ConfigController.GetGraphsAsync (PEngineModule) - Validation state: Valid
2019-10-29T22:14:25.0126006+00:00 [info][launcher]: Get config from twin succeeded
2019-10-29T22:14:25.0191232+00:00 [info][launcher]: Module twin received has graphs: PersonTracking
2019-10-29T22:14:25.0193049+00:00 [info][launcher]: Executed action method PEngineModule.ConfigServer.Controllers.ConfigController.GetGraphsAsync (PEngineModule), returned result Microsoft.AspNetCore.Mvc.ObjectResult in 36.1705ms.
2019-10-29T22:14:25.0197730+00:00 [info][launcher]: Executing ObjectResult, writing value of type 'System.Collections.Generic.Dictionary`2[[System.String, System.Private.CoreLib, Version=4.0.0.0, Culture=neutral, PublicKeyToken=7cec85d7bea7798e],[PEngineModule.ConfigServer.GraphConfig, PEngineModule, Version=1.0.0.0, Culture=neutral, PublicKeyToken=null]]'.
2019-10-29T22:14:25.0281891+00:00 [info][launcher]: Executed action PEngineModule.ConfigServer.Controllers.ConfigController.GetGraphsAsync (PEngineModule) in 45.1015ms
2019-10-29T22:14:25.0287563+00:00 [info][launcher]: Request finished in 48.5899ms 200 application/json; charset=utf-8
2019-10-29 22:14:25:029 - [info] - 26 - Archon - Processing graph config : https://graphconfigstore.file.core.windows.net/graphsample/graphsample1.yaml?sv=2018-03-28&ss=bfqt&srt=sco&sp=rwdlacup&se=2019-10-12T00:10:27Z&st=2019-10-11T16:10:27Z&spr=https&sig=olwb1L1wDZz3JfKNh9lM1aZw9eLQcnDRfUKsEMCf%!B(MISSING)h0%!D(MISSING)
2019-10-29 22:14:25:029 - [info] - 26 - Archon - GraphConfig=&{Location:https://graphconfigstore.file.core.windows.net/graphsample/graphsample1.yaml?sv=2018-03-28&ss=bfqt&srt=sco&sp=rwdlacup&se=2019-10-12T00:10:27Z&st=2019-10-11T16:10:27Z&spr=https&sig=olwb1L1wDZz3JfKNh9lM1aZw9eLQcnDRfUKsEMCf%2Bh0%3D Version:111 Enabled:true PlatformLogLevel:error NodeLogLevel: Parameters:map[ARCHON_FPS:1]}
2019-10-29 22:14:25:206 - [error] - 26 - Archon - Error: failed to process graph https://graphconfigstore.file.core.windows.net/graphsample/graphsample1.yaml?sv=2018-03-28&ss=bfqt&srt=sco&sp=rwdlacup&se=2019-10-12T00:10:27Z&st=2019-10-11T16:10:27Z&spr=https&sig=olwb1L1wDZz3JfKNh9lM1aZw9eLQcnDRfUKsEMCf%2Bh0%3D. yaml: line 3: mapping values are not allowed in this context
2019-10-29T22:14:25.2073770+00:00 [info][launcher]: Request starting HTTP/1.1 POST http://127.0.0.1:5000/telemetry/critical application/json 
2019-10-29T22:14:25.2124691+00:00 [info][launcher]: Route matched with {action = "PushTelemetryAsync", controller = "Telemetry"}. Executing controller action with signature System.Threading.Tasks.Task PushTelemetryAsync(System.String) on controller PEngineModule.TelemetryServer.Controllers.TelemetryController (PEngineModule).
2019-10-29T22:14:25.2131192+00:00 [info][launcher]: Executing action method PEngineModule.TelemetryServer.Controllers.TelemetryController.PushTelemetryAsync (PEngineModule) - Validation state: Valid
2019-10-29T22:14:25.2882606+00:00 [info][launcher]: Executed action method PEngineModule.TelemetryServer.Controllers.TelemetryController.PushTelemetryAsync (PEngineModule), returned result Microsoft.AspNetCore.Mvc.EmptyResult in 75.1062ms.
2019-10-29T22:14:25.2883549+00:00 [info][launcher]: Executed action PEngineModule.TelemetryServer.Controllers.TelemetryController.PushTelemetryAsync (PEngineModule) in 75.8647ms
2019-10-29T22:14:25.2884112+00:00 [info][launcher]: Request finished in 81.0422ms 200 
2019-10-29T22:14:25.2914785+00:00 [info][launcher]: Request starting HTTP/1.1 POST http://127.0.0.1:5000/telemetry/info application/json 
2019-10-29T22:14:25.2917652+00:00 [info][launcher]: Route matched with {action = "PushTelemetryAsync", controller = "Telemetry"}. Executing controller action with signature System.Threading.Tasks.Task PushTelemetryAsync(System.String) on controller PEngineModule.TelemetryServer.Controllers.TelemetryController (PEngineModule).
2019-10-29T22:14:25.2920904+00:00 [info][launcher]: Executing action method PEngineModule.TelemetryServer.Controllers.TelemetryController.PushTelemetryAsync (PEngineModule) - Validation state: Valid
2019-10-29T22:14:25.3144126+00:00 [info][launcher]: Executed action method PEngineModule.TelemetryServer.Controllers.TelemetryController.PushTelemetryAsync (PEngineModule), returned result Microsoft.AspNetCore.Mvc.EmptyResult in 22.2799ms.
2019-10-29T22:14:25.3145488+00:00 [info][launcher]: Executed action PEngineModule.TelemetryServer.Controllers.TelemetryController.PushTelemetryAsync (PEngineModule) in 22.744ms
2019-10-29T22:14:25.3146497+00:00 [info][launcher]: Request finished in 23.1753ms 200 
2019-10-29T22:20:45.6602188+00:00 [info][launcher]: User profile is available. Using '/root/.aspnet/DataProtection-Keys' as key repository; keys will not be encrypted at rest.
2019-10-29T22:20:45.9049682+00:00 [info][launcher]: Starting the engine
2019/10/29 22:20:45 2019-10-29 22:20:45:917 - [info] -  - Archon - version : 1.0.01011.206
2019-10-29T22:20:45.9903996+00:00 [info][launcher]: Request starting HTTP/1.1 GET http://127.0.0.1:5000/globalsettings  
2019-10-29T22:20:46.1120192+00:00 [info][launcher]: Route matched with {action = "GetGlobalSettingsAsync", controller = "Config"}. Executing controller action with signature System.Threading.Tasks.Task`1[Microsoft.AspNetCore.Mvc.ActionResult`1[PEngineModule.ConfigServer.ArchonGlobalSettings]] GetGlobalSettingsAsync() on controller PEngineModule.ConfigServer.Controllers.ConfigController (PEngineModule).
2019-10-29T22:20:46.1231825+00:00 [info][launcher]: Executing action method PEngineModule.ConfigServer.Controllers.ConfigController.GetGlobalSettingsAsync (PEngineModule) - Validation state: Valid
2019-10-29T22:20:46.7642488+00:00 [info][launcher]: Get config from twin succeeded
2019-10-29T22:20:46.7687372+00:00 [info][launcher]: Executed action method PEngineModule.ConfigServer.Controllers.ConfigController.GetGlobalSettingsAsync (PEngineModule), returned result Microsoft.AspNetCore.Mvc.ObjectResult in 644.0152ms.
2019-10-29T22:20:46.7783960+00:00 [info][launcher]: Executing ObjectResult, writing value of type 'PEngineModule.ConfigServer.ArchonGlobalSettings'.
2019-10-29T22:20:46.7890901+00:00 [info][launcher]: Executed action PEngineModule.ConfigServer.Controllers.ConfigController.GetGlobalSettingsAsync (PEngineModule) in 675.1456ms
2019-10-29 22:20:46:792 - [info] - 27 - Archon - System log level set to info
2019-10-29 22:20:46:792 - [info] - 27 - Archon - GraphMapRuntime running in PROC mode
2019-10-29 22:20:46:792 - [info] - 27 - Archon - GraphMapRuntime NextAvailPort is 21240
2019-10-29 22:20:46:792 - [info] - 27 - Archon - GraphMapRuntime BinDir is /app/engine
2019-10-29 22:20:46:792 - [info] - 27 - Archon - GraphMapRuntime ConfigServerUrl is http://127.0.0.1:5000
2019-10-29 22:20:46:792 - [info] - 27 - Archon - GraphMapRuntime PerfMarkerEnabled is false
2019-10-29 22:20:46:792 - [info] - 27 - Archon - Initializing Prometheus Telemetry Provider with service ServerURL: http://localhost/:2222/archonTelemetry
2019-10-29 22:20:46:792 - [info] - 27 - Archon - Starting socket server: 127.0.0.1:21232
2019-10-29 22:20:46:792 - [info] - 27 - Archon - Server listening on 127.0.0.1:21232
2019-10-29 22:20:46:792 - [info] - 27 - Archon - Archon server ready on 127.0.0.1:21232
2019-10-29 22:20:46:792 - [info] - 27 - Archon - archon process started
2019-10-29T22:20:46.7939071+00:00 [info][launcher]: Request starting HTTP/1.1 POST http://127.0.0.1:5000/subscribe application/json; charset=utf-8 41
2019-10-29T22:20:46.7948391+00:00 [info][launcher]: Request finished in 804.7485ms 200 application/json; charset=utf-8
2019-10-29T22:20:46.8092913+00:00 [info][launcher]: Route matched with {action = "Subscribe", controller = "Config"}. Executing controller action with signature Microsoft.AspNetCore.Mvc.IActionResult Subscribe(PEngineModule.ConfigServer.RequestBody) on controller PEngineModule.ConfigServer.Controllers.ConfigController (PEngineModule).
2019-10-29T22:20:46.8515780+00:00 [info][launcher]: Executing action method PEngineModule.ConfigServer.Controllers.ConfigController.Subscribe (PEngineModule) - Validation state: Valid
2019-10-29T22:20:46.8522198+00:00 [info][launcher]: Executed action method PEngineModule.ConfigServer.Controllers.ConfigController.Subscribe (PEngineModule), returned result Microsoft.AspNetCore.Mvc.StatusCodeResult in 0.5769ms.
2019-10-29T22:20:46.8547346+00:00 [info][launcher]: Executing HttpStatusCodeResult, setting HTTP status code 200
2019-10-29T22:20:46.8549794+00:00 [info][launcher]: Executed action PEngineModule.ConfigServer.Controllers.ConfigController.Subscribe (PEngineModule) in 45.6406ms
2019-10-29T22:20:46.8564062+00:00 [info][launcher]: Request finished in 62.5397ms 200 
2019-10-29T22:20:46.8571208+00:00 [info][launcher]: Request starting HTTP/1.1 GET http://127.0.0.1:5000/graphs  
2019-10-29T22:20:46.8624874+00:00 [info][launcher]: Route matched with {action = "GetGraphsAsync", controller = "Config"}. Executing controller action with signature System.Threading.Tasks.Task`1[Microsoft.AspNetCore.Mvc.ActionResult`1[System.Collections.Generic.Dictionary`2[System.String,PEngineModule.ConfigServer.GraphConfig]]] GetGraphsAsync() on controller PEngineModule.ConfigServer.Controllers.ConfigController (PEngineModule).
2019-10-29T22:20:46.8625752+00:00 [info][launcher]: Executing action method PEngineModule.ConfigServer.Controllers.ConfigController.GetGraphsAsync (PEngineModule) - Validation state: Valid
2019-10-29T22:20:46.8951034+00:00 [info][launcher]: Get config from twin succeeded
2019-10-29T22:20:46.8991157+00:00 [info][launcher]: Module twin received has graphs: PersonTracking
2019-10-29T22:20:46.8992221+00:00 [info][launcher]: Executed action method PEngineModule.ConfigServer.Controllers.ConfigController.GetGraphsAsync (PEngineModule), returned result Microsoft.AspNetCore.Mvc.ObjectResult in 36.6213ms.
