2019-10-30T23:31:19.915242251Z 2019-10-30 23:31:19:914 - [verbose] - 6487 ArchonAG-graph1.ex-python  - archonDispatchMsg schema=Microsoft.Archon.Internal.ArchonMessage, bodySize=656, messageFlags=0x0002  [archonDispatchMsg()][/go/src/RaaS.PerceptionEngine.Core/libArchon/Archon/src/util.cpp:154] 
2019-10-30T23:31:19.915247975Z 2019-10-30 23:31:19:915 - [verbose] - 6487 ArchonAG-graph1.ex-python  - PerfMarker,graph1.ex-python,leave_output_pin,832febc2-310a-414e-84ed-4a153596bb0f,0fc2e950-c4be-4eb3-98b5-9ef115920157,1572478279915022,graph1.ex-python:outputframe
2019-10-30T23:31:19.915253472Z 2019-10-30 23:31:19:915 - [verbose] - 6487 ArchonAG-graph1.ex-python  - Passing output graph1.ex-python:outputframe to next peers
2019-10-30T23:31:19.915258689Z 2019-10-30 23:31:19:915 - [verbose] - 6487 ArchonAG-graph1.ex-python  - Passing to next peer: 127.0.0.1:21251  flags=1  [passToPeers()][/go/src/RaaS.PerceptionEngine.Core/libArchon/archonag/peermgr.h:157] 
2019-10-30T23:31:19.915264077Z 2019-10-30 23:31:19:915 - [verbose] - 6487 ArchonAG-graph1.ex-python  - Sock client send payloadSize: 700  [sendMessage()][/go/src/RaaS.PerceptionEngine.Core/libArchon/Archon/src/sock.cpp:69] 
2019-10-30T23:31:19.915367990Z 2019-10-30 23:31:19:915 - [verbose] - 6484 ArchonAG-graph1.ex1_a  - onSocketMessage called msglen=700  [onSocketMessage()][/go/src/RaaS.PerceptionEngine.Core/libArchon/archonag/app.cpp:72] 
2019-10-30T23:31:19.915376693Z 2019-10-30 23:31:19:915 - [verbose] - 6484 ArchonAG-graph1.ex1_a  - PerfMarker,graph1.ex1_a,arrive_at_input_pin,832febc2-310a-414e-84ed-4a153596bb0f,0fc2e950-c4be-4eb3-98b5-9ef115920157,1572478279915273,graph1.ex-python:outputframe
2019-10-30T23:31:19.915389645Z 2019-10-30 23:31:19:915 - [verbose] - 6484 ArchonAG-graph1.ex1_a  - archonDispatchMsg schema=Microsoft.Archon.Internal.ArchonMessage, bodySize=656, messageFlags=0x0001  [archonDispatchMsg()][/go/src/RaaS.PerceptionEngine.Core/libArchon/Archon/src/util.cpp:154] 
2019-10-30T23:31:19.915398340Z 2019-10-30 23:31:19:915 - [verbose] - 6484 ArchonAG-graph1.ex1_a  - onPassToNode: Passing to NodeMgr flags=0  [onPassToNode()][/go/src/RaaS.PerceptionEngine.Core/libArchon/archonag/msghandler.cpp:147] 
2019-10-30T23:31:19.915406755Z 2019-10-30 23:31:19:915 - [verbose] - 6484 ArchonAG-graph1.ex1_a  - passMessage: Sending message to InputGathererManager flags=0, toAllNodes:0  [passMessage()][/go/src/RaaS.PerceptionEngine.Core/libArchon/archonag/nodemgr.cpp:120] 
2019-10-30T23:31:19.915418338Z 2019-10-30 23:31:19:915 - [verbose] - 6484 ArchonAG-graph1.ex1_a  - Inside handleArchonMessage new wrapper: message.getSchemaName(): Microsoft.Archon.Internal.ArchonMessage  [handleArchonMessage()][/go/src/RaaS.PerceptionEngine.Core/libArchon/archonag/./inputGatherer/inputGathererManager.h:46] 
2019-10-30T23:31:19.915426561Z 2019-10-30 23:31:19:915 - [verbose] - 6484 ArchonAG-graph1.ex1_a  - ArchonMessage outputName=graph1.ex-python:outputframe schemaName=example.TextFrame  [handleArchonMessage()][/go/src/RaaS.PerceptionEngine.Core/libArchon/archonag/./inputGatherer/inputGathererManager.h:55] 
2019-10-30T23:31:19.915433969Z 2019-10-30 23:31:19:915 - [verbose] - 6484 ArchonAG-graph1.ex1_a  - SingleEdgeIoGatherer::handleIncomingMessage  [handleIncomingMessage()][/go/src/RaaS.PerceptionEngine.Core/libArchon/archonag/./inputGatherer/singleEdgeIoGatherer.h:25] 
2019-10-30T23:31:19.915439627Z 2019-10-30 23:31:19:915 - [verbose] - 6484 ArchonAG-graph1.ex1_a  - Passing to node flags=0  [handleIncomingMessage()][/go/src/RaaS.PerceptionEngine.Core/libArchon/archonag/./inputGatherer/singleEdgeIoGatherer.h:27] 
2019-10-30T23:31:19.915464265Z 2019-10-30 23:31:19:915 - [verbose] - 6484 ArchonAG-graph1.ex1_a  - PerfMarker,graph1.ex1_a,before_agent_send_to_node,832febc2-310a-414e-84ed-4a153596bb0f,0fc2e950-c4be-4eb3-98b5-9ef115920157,1572478279915394,
2019-10-30T23:31:19.915537522Z 2019-10-30 23:31:19:915 - [verbose] - 6484 ArchonAG-graph1.ex1_a  - PerfMarker,graph1.ex1_a,before_agent_send_to_node,832febc2-310a-414e-84ed-4a153596bb0f,0fc2e950-c4be-4eb3-98b5-9ef115920157,1572478279915456,
2019-10-30T23:31:19.915547496Z 2019-10-30 23:31:19:915 - [verbose] - 6484 ArchonAG-graph1.ex1_a  - PerfMarker,graph1.ex1_a,before_agent_send_to_node,832febc2-310a-414e-84ed-4a153596bb0f,0fc2e950-c4be-4eb3-98b5-9ef115920157,1572478279915495,
2019-10-30T23:31:19.915691981Z 2019-10-30 23:31:19:915 - [verbose] - 6496 NODE_EX1  - archonDispatchMsg schema=Microsoft.Archon.Internal.ArchonMessage, bodySize=656, messageFlags=0x0000  [archonDispatchMsg()][/go/src/RaaS.PerceptionEngine.Core/libArchon/Archon/src/util.cpp:154] 
2019-10-30T23:31:19.915704237Z 2019-10-30 23:31:19:915 - [verbose] - 6490 NODE_EX1  - archonDispatchMsg schema=Microsoft.Archon.Internal.ArchonMessage, bodySize=656, messageFlags=0x0000  [archonDispatchMsg()][/go/src/RaaS.PerceptionEngine.Core/libArchon/Archon/src/util.cpp:154] 
2019-10-30T23:31:19.915717313Z 2019-10-30 23:31:19:915 - [verbose] - 6491 NODE_EX1  - archonDispatchMsg schema=Microsoft.Archon.Internal.ArchonMessage, bodySize=656, messageFlags=0x0000  [archonDispatchMsg()][/go/src/RaaS.PerceptionEngine.Core/libArchon/Archon/src/util.cpp:154] 
2019-10-30T23:31:19.915723712Z 2019-10-30 23:31:19:915 - [verbose] - 6496 NODE_EX1  - Dispatch message schemaName='Microsoft.Archon.Internal.ArchonMessage'  [dispatchFlatBuffer()][/go/src/RaaS.PerceptionEngine.Core/libArchon/Archon/src/util.cpp:50] 
2019-10-30T23:31:19.915728325Z 2019-10-30 23:31:19:915 - [verbose] - 6490 NODE_EX1  - Dispatch message schemaName='Microsoft.Archon.Internal.ArchonMessage'  [dispatchFlatBuffer()][/go/src/RaaS.PerceptionEngine.Core/libArchon/Archon/src/util.cpp:50] 
2019-10-30T23:31:19.915732821Z 2019-10-30 23:31:19:915 - [verbose] - 6491 NODE_EX1  - Dispatch message schemaName='Microsoft.Archon.Internal.ArchonMessage'  [dispatchFlatBuffer()][/go/src/RaaS.PerceptionEngine.Core/libArchon/Archon/src/util.cpp:50] 
2019-10-30T23:31:19.915866146Z 2019-10-30 23:31:19:915 - [verbose] - 6490 NODE_EX1  - ArchonMessage dispatched msgSynchronizationId=1572478279908158  [handleArchonMessageInternal()][/go/src/RaaS.PerceptionEngine.Core/libArchon/Archon/src/util.cpp:113] 
2019-10-30T23:31:19.915891510Z 2019-10-30 23:31:19:915 - [verbose] - 6491 NODE_EX1  - ArchonMessage dispatched msgSynchronizationId=1572478279908158  [handleArchonMessageInternal()][/go/src/RaaS.PerceptionEngine.Core/libArchon/Archon/src/util.cpp:113] 
2019-10-30T23:31:19.915905445Z 2019-10-30 23:31:19:915 - [verbose] - 6496 NODE_EX1  - ArchonMessage dispatched msgSynchronizationId=1572478279908158  [handleArchonMessageInternal()][/go/src/RaaS.PerceptionEngine.Core/libArchon/Archon/src/util.cpp:113] 
2019-10-30T23:31:19.915919131Z 2019-10-30 23:31:19:915 - [verbose] - 6490 NODE_EX1  - PerfMarker,graph1.ex1_a,after_node_recv_from_agent,832febc2-310a-414e-84ed-4a153596bb0f,0fc2e950-c4be-4eb3-98b5-9ef115920157,1572478279915765,
2019-10-30T23:31:19.915931273Z 2019-10-30 23:31:19:915 - [verbose] - 6491 NODE_EX1  - PerfMarker,graph1.ex1_a,after_node_recv_from_agent,832febc2-310a-414e-84ed-4a153596bb0f,0fc2e950-c4be-4eb3-98b5-9ef115920157,1572478279915776,
2019-10-30T23:31:19.915982085Z 2019-10-30 23:31:19:915 - [verbose] - 6496 NODE_EX1  - PerfMarker,graph1.ex1_a,after_node_recv_from_agent,832febc2-310a-414e-84ed-4a153596bb0f,0fc2e950-c4be-4eb3-98b5-9ef115920157,1572478279915801,
2019-10-30T23:31:19.916001864Z 2019-10-30 23:31:19:915 - [verbose] - 6491 NODE_EX1  - No schema is loaded
2019-10-30T23:31:19.915188253Z    *** Generated by EX0, frame 2145
2019-10-30T23:31:19.915196948Z    *** Updated by EX1 graph1.ex1, frame 2145
2019-10-30T23:31:19.915205285Z    *** Updated by EX2 graph1.ex2, frame 2145
2019-10-30T23:31:19.915213355Z    *** Updated by EX3 graph1.ex3_1, frame 2145
2019-10-30T23:31:19.915221694Z    *** Updated by EX3 graph1.ex3_2, frame 2145
2019-10-30T23:31:19.915229497Z    *** Updated by ex-python graph1.ex-python, frame 2145
